<?xml version="1.0" encoding="UTF-8"?>
<!-- Generated by org.testng.reporters.JUnitReportReporter -->
<testsuite skipped="0" hostname="hp123" name="com.lowesfoods.shop.qa.testcases.DashBoardPageTest" tests="1" failures="0" timestamp="11 Nov 2018 17:59:34 GMT" time="48.544" errors="0">
  <testcase name="validateProfileAddress" time="48.544" classname="com.lowesfoods.shop.qa.testcases.DashBoardPageTest"/>
</testsuite> <!-- com.lowesfoods.shop.qa.testcases.DashBoardPageTest -->
