<?xml version="1.0" encoding="UTF-8"?>
<!-- Generated by org.testng.reporters.JUnitReportReporter -->
<testsuite skipped="0" hostname="hp123" name="com.lowesfoods.shop.qa.testcases.LoginPageTest" tests="1" failures="0" timestamp="08 Nov 2018 00:42:03 GMT" time="74.142" errors="0">
  <testcase name="loginTest" time="74.142" classname="com.lowesfoods.shop.qa.testcases.LoginPageTest"/>
</testsuite> <!-- com.lowesfoods.shop.qa.testcases.LoginPageTest -->
