<?xml version="1.0" encoding="UTF-8"?>
<!-- Generated by org.testng.reporters.JUnitReportReporter -->
<testsuite skipped="1" hostname="hp123" name="com.lowesfoods.shop.qa.testcases.HomePageTest" tests="4" failures="0" timestamp="11 Nov 2018 17:59:34 GMT" time="105.806" errors="0">
  <testcase name="verifyItemsinCart" time="23.840" classname="com.lowesfoods.shop.qa.testcases.HomePageTest"/>
  <testcase name="verifyProduceAndFloralLink" time="44.027" classname="com.lowesfoods.shop.qa.testcases.HomePageTest"/>
  <testcase name="verifyDeliAndBakeryLink" time="37.939" classname="com.lowesfoods.shop.qa.testcases.HomePageTest"/>
  <testcase name="veryifyCategoryLinks" classname="com.lowesfoods.shop.qa.testcases.HomePageTest">
    <skipped/>
  </testcase> <!-- veryifyCategoryLinks -->
</testsuite> <!-- com.lowesfoods.shop.qa.testcases.HomePageTest -->
